[0.695s] Invoking command in '/home/numashuto/ros2_ws/src/mypkg': PYTHONPATH=/home/numashuto/ros2_ws/src/mypkg/build/mypkg/prefix_override:/home/numashuto/ros2_ws/src/mypkg/install/mypkg/lib/python3.8/site-packages:${PYTHONPATH} /usr/bin/python3 setup.py egg_info --egg-base build/mypkg build --build-base /home/numashuto/ros2_ws/src/mypkg/build/mypkg/build install --record /home/numashuto/ros2_ws/src/mypkg/build/mypkg/install.log --install-scripts $base/lib/mypkg --single-version-externally-managed
[0.835s] running egg_info
[0.835s] creating build/mypkg/mypkg.egg-info
[0.835s] writing build/mypkg/mypkg.egg-info/PKG-INFO
[0.835s] writing dependency_links to build/mypkg/mypkg.egg-info/dependency_links.txt
[0.837s] writing entry points to build/mypkg/mypkg.egg-info/entry_points.txt
[0.837s] writing requirements to build/mypkg/mypkg.egg-info/requires.txt
[0.837s] writing top-level names to build/mypkg/mypkg.egg-info/top_level.txt
[0.838s] writing manifest file 'build/mypkg/mypkg.egg-info/SOURCES.txt'
[0.862s] reading manifest file 'build/mypkg/mypkg.egg-info/SOURCES.txt'
[0.862s] writing manifest file 'build/mypkg/mypkg.egg-info/SOURCES.txt'
[0.862s] running build
[0.862s] running build_py
[0.863s] creating /home/numashuto/ros2_ws/src/mypkg/build/mypkg/build
[0.863s] creating /home/numashuto/ros2_ws/src/mypkg/build/mypkg/build/lib
[0.863s] creating /home/numashuto/ros2_ws/src/mypkg/build/mypkg/build/lib/mypkg
[0.863s] copying mypkg/talker.py -> /home/numashuto/ros2_ws/src/mypkg/build/mypkg/build/lib/mypkg
[0.863s] copying mypkg/listener.py -> /home/numashuto/ros2_ws/src/mypkg/build/mypkg/build/lib/mypkg
[0.864s] copying mypkg/__init__.py -> /home/numashuto/ros2_ws/src/mypkg/build/mypkg/build/lib/mypkg
[0.864s] running install
[0.864s] running install_lib
[0.865s] creating /home/numashuto/ros2_ws/src/mypkg/install/mypkg/lib/python3.8/site-packages/mypkg
[0.865s] copying /home/numashuto/ros2_ws/src/mypkg/build/mypkg/build/lib/mypkg/talker.py -> /home/numashuto/ros2_ws/src/mypkg/install/mypkg/lib/python3.8/site-packages/mypkg
[0.865s] copying /home/numashuto/ros2_ws/src/mypkg/build/mypkg/build/lib/mypkg/listener.py -> /home/numashuto/ros2_ws/src/mypkg/install/mypkg/lib/python3.8/site-packages/mypkg
[0.866s] copying /home/numashuto/ros2_ws/src/mypkg/build/mypkg/build/lib/mypkg/__init__.py -> /home/numashuto/ros2_ws/src/mypkg/install/mypkg/lib/python3.8/site-packages/mypkg
[0.866s] byte-compiling /home/numashuto/ros2_ws/src/mypkg/install/mypkg/lib/python3.8/site-packages/mypkg/talker.py to talker.cpython-38.pyc
[0.867s] byte-compiling /home/numashuto/ros2_ws/src/mypkg/install/mypkg/lib/python3.8/site-packages/mypkg/listener.py to listener.cpython-38.pyc
[0.868s] byte-compiling /home/numashuto/ros2_ws/src/mypkg/install/mypkg/lib/python3.8/site-packages/mypkg/__init__.py to __init__.cpython-38.pyc
[0.868s] running install_data
[0.869s] creating /home/numashuto/ros2_ws/src/mypkg/install/mypkg/share/ament_index
[0.869s] creating /home/numashuto/ros2_ws/src/mypkg/install/mypkg/share/ament_index/resource_index
[0.869s] creating /home/numashuto/ros2_ws/src/mypkg/install/mypkg/share/ament_index/resource_index/packages
[0.869s] copying resource/mypkg -> /home/numashuto/ros2_ws/src/mypkg/install/mypkg/share/ament_index/resource_index/packages
[0.869s] copying package.xml -> /home/numashuto/ros2_ws/src/mypkg/install/mypkg/share/mypkg
[0.869s] running install_egg_info
[0.870s] Copying build/mypkg/mypkg.egg-info to /home/numashuto/ros2_ws/src/mypkg/install/mypkg/lib/python3.8/site-packages/mypkg-0.0.0-py3.8.egg-info
[0.871s] running install_scripts
[0.884s] Installing listener script to /home/numashuto/ros2_ws/src/mypkg/install/mypkg/lib/mypkg
[0.884s] Installing talker script to /home/numashuto/ros2_ws/src/mypkg/install/mypkg/lib/mypkg
[0.884s] writing list of installed files to '/home/numashuto/ros2_ws/src/mypkg/build/mypkg/install.log'
[0.903s] Invoked command in '/home/numashuto/ros2_ws/src/mypkg' returned '0': PYTHONPATH=/home/numashuto/ros2_ws/src/mypkg/build/mypkg/prefix_override:/home/numashuto/ros2_ws/src/mypkg/install/mypkg/lib/python3.8/site-packages:${PYTHONPATH} /usr/bin/python3 setup.py egg_info --egg-base build/mypkg build --build-base /home/numashuto/ros2_ws/src/mypkg/build/mypkg/build install --record /home/numashuto/ros2_ws/src/mypkg/build/mypkg/install.log --install-scripts $base/lib/mypkg --single-version-externally-managed
