[0.689s] Invoking command in '/home/numashuto/ros2_ws/src/mypkg': PYTHONPATH=/home/numashuto/ros2_ws/src/mypkg/build/mypkg/prefix_override:/home/numashuto/ros2_ws/src/mypkg/install/mypkg/lib/python3.8/site-packages:${PYTHONPATH} /usr/bin/python3 setup.py egg_info --egg-base build/mypkg build --build-base /home/numashuto/ros2_ws/src/mypkg/build/mypkg/build install --record /home/numashuto/ros2_ws/src/mypkg/build/mypkg/install.log --install-scripts $base/lib/mypkg --single-version-externally-managed
[0.825s] running egg_info
[0.825s] writing build/mypkg/mypkg.egg-info/PKG-INFO
[0.825s] writing dependency_links to build/mypkg/mypkg.egg-info/dependency_links.txt
[0.825s] writing entry points to build/mypkg/mypkg.egg-info/entry_points.txt
[0.826s] writing requirements to build/mypkg/mypkg.egg-info/requires.txt
[0.826s] writing top-level names to build/mypkg/mypkg.egg-info/top_level.txt
[0.851s] reading manifest file 'build/mypkg/mypkg.egg-info/SOURCES.txt'
[0.852s] writing manifest file 'build/mypkg/mypkg.egg-info/SOURCES.txt'
[0.852s] running build
[0.852s] running build_py
[0.852s] running install
[0.853s] running install_lib
[0.854s] running install_data
[0.855s] copying package.xml -> /home/numashuto/ros2_ws/src/mypkg/install/mypkg/share/mypkg
[0.855s] running install_egg_info
[0.856s] removing '/home/numashuto/ros2_ws/src/mypkg/install/mypkg/lib/python3.8/site-packages/mypkg-0.0.0-py3.8.egg-info' (and everything under it)
[0.857s] Copying build/mypkg/mypkg.egg-info to /home/numashuto/ros2_ws/src/mypkg/install/mypkg/lib/python3.8/site-packages/mypkg-0.0.0-py3.8.egg-info
[0.857s] running install_scripts
[0.872s] Installing listener script to /home/numashuto/ros2_ws/src/mypkg/install/mypkg/lib/mypkg
[0.872s] Installing talker script to /home/numashuto/ros2_ws/src/mypkg/install/mypkg/lib/mypkg
[0.872s] writing list of installed files to '/home/numashuto/ros2_ws/src/mypkg/build/mypkg/install.log'
[0.891s] Invoked command in '/home/numashuto/ros2_ws/src/mypkg' returned '0': PYTHONPATH=/home/numashuto/ros2_ws/src/mypkg/build/mypkg/prefix_override:/home/numashuto/ros2_ws/src/mypkg/install/mypkg/lib/python3.8/site-packages:${PYTHONPATH} /usr/bin/python3 setup.py egg_info --egg-base build/mypkg build --build-base /home/numashuto/ros2_ws/src/mypkg/build/mypkg/build install --record /home/numashuto/ros2_ws/src/mypkg/build/mypkg/install.log --install-scripts $base/lib/mypkg --single-version-externally-managed
